This is pdfTeX, Version 3.141592653-2.6-1.40.22 (TeX Live 2021) (preloaded format=pdflatex 2021.9.14)  16 JUN 2022 03:25
entering extended mode
 \write18 enabled.
 %&-line parsing enabled.
**report.tex
(./report.tex
LaTeX2e <2020-10-01> patch level 4
L3 programming layer <2021-02-18>
(/usr/local/texlive/2021basic/texmf-dist/tex/latex/base/article.cls
Document Class: article 2020/04/10 v1.4m Standard LaTeX document class
(/usr/local/texlive/2021basic/texmf-dist/tex/latex/base/size10.clo
File: size10.clo 2020/04/10 v1.4m Standard LaTeX file (size option)
)
\c@part=\count179
\c@section=\count180
\c@subsection=\count181
\c@subsubsection=\count182
\c@paragraph=\count183
\c@subparagraph=\count184
\c@figure=\count185
\c@table=\count186
\abovecaptionskip=\skip47
\belowcaptionskip=\skip48
\bibindent=\dimen138
)

! LaTeX Error: File `minted.sty' not found.

Type X to quit or <RETURN> to proceed,
or enter new name. (Default extension: sty)

Enter file name: 
(/usr/local/texlive/2021basic/texmf-dist/tex/latex/amsmath/amsmath.sty
Package: amsmath 2020/09/23 v2.17i AMS math features
\@mathmargin=\skip49

For additional information on amsmath, use the `?' option.
(/usr/local/texlive/2021basic/texmf-dist/tex/latex/amsmath/amstext.sty
Package: amstext 2000/06/29 v2.01 AMS text

(/usr/local/texlive/2021basic/texmf-dist/tex/latex/amsmath/amsgen.sty
File: amsgen.sty 1999/11/30 v2.0 generic functions
\@emptytoks=\toks15
\ex@=\dimen139
))
(/usr/local/texlive/2021basic/texmf-dist/tex/latex/amsmath/amsbsy.sty
Package: amsbsy 1999/11/29 v1.2d Bold Symbols
\pmbraise@=\dimen140
)
(/usr/local/texlive/2021basic/texmf-dist/tex/latex/amsmath/amsopn.sty
Package: amsopn 2016/03/08 v2.02 operator names
)
\inf@bad=\count187
LaTeX Info: Redefining \frac on input line 234.
\uproot@=\count188
\leftroot@=\count189
LaTeX Info: Redefining \overline on input line 399.
\classnum@=\count190
\DOTSCASE@=\count191
LaTeX Info: Redefining \ldots on input line 496.
LaTeX Info: Redefining \dots on input line 499.
LaTeX Info: Redefining \cdots on input line 620.
\Mathstrutbox@=\box47
\strutbox@=\box48
\big@size=\dimen141
LaTeX Font Info:    Redeclaring font encoding OML on input line 743.
LaTeX Font Info:    Redeclaring font encoding OMS on input line 744.
\macc@depth=\count192
\c@MaxMatrixCols=\count193
\dotsspace@=\muskip16
\c@parentequation=\count194
\dspbrk@lvl=\count195
\tag@help=\toks16
\row@=\count196
\column@=\count197
\maxfields@=\count198
\andhelp@=\toks17
\eqnshift@=\dimen142
\alignsep@=\dimen143
\tagshift@=\dimen144
\tagwidth@=\dimen145
\totwidth@=\dimen146
\lineht@=\dimen147
\@envbody=\toks18
\multlinegap=\skip50
\multlinetaggap=\skip51
\mathdisplay@stack=\toks19
LaTeX Info: Redefining \[ on input line 2923.
LaTeX Info: Redefining \] on input line 2924.
)
(/usr/local/texlive/2021basic/texmf-dist/tex/latex/amsfonts/amssymb.sty
Package: amssymb 2013/01/14 v3.01 AMS font symbols

(/usr/local/texlive/2021basic/texmf-dist/tex/latex/amsfonts/amsfonts.sty
Package: amsfonts 2013/01/14 v3.01 Basic AMSFonts support
\symAMSa=\mathgroup4
\symAMSb=\mathgroup5
LaTeX Font Info:    Redeclaring math symbol \hbar on input line 98.
LaTeX Font Info:    Overwriting math alphabet `\mathfrak' in version `bold'
(Font)                  U/euf/m/n --> U/euf/b/n on input line 106.
))
(/usr/local/texlive/2021basic/texmf-dist/tex/latex/amscls/amsthm.sty
Package: amsthm 2020/05/29 v2.20.6
\thm@style=\toks20
\thm@bodyfont=\toks21
\thm@headfont=\toks22
\thm@notefont=\toks23
\thm@headpunct=\toks24
\thm@preskip=\skip52
\thm@postskip=\skip53
\thm@headsep=\skip54
\dth@everypar=\toks25
)
(/usr/local/texlive/2021basic/texmf-dist/tex/latex/l3backend/l3backend-pdftex.d
ef
File: l3backend-pdftex.def 2021-03-18 L3 backend support: PDF output (pdfTeX)
\l__color_backend_stack_int=\count199
\l__pdf_internal_box=\box49
) (./report.aux)
\openout1 = `report.aux'.

LaTeX Font Info:    Checking defaults for OML/cmm/m/it on input line 12.
LaTeX Font Info:    ... okay on input line 12.
LaTeX Font Info:    Checking defaults for OMS/cmsy/m/n on input line 12.
LaTeX Font Info:    ... okay on input line 12.
LaTeX Font Info:    Checking defaults for OT1/cmr/m/n on input line 12.
LaTeX Font Info:    ... okay on input line 12.
LaTeX Font Info:    Checking defaults for T1/cmr/m/n on input line 12.
LaTeX Font Info:    ... okay on input line 12.
LaTeX Font Info:    Checking defaults for TS1/cmr/m/n on input line 12.
LaTeX Font Info:    ... okay on input line 12.
LaTeX Font Info:    Checking defaults for OMX/cmex/m/n on input line 12.
LaTeX Font Info:    ... okay on input line 12.
LaTeX Font Info:    Checking defaults for U/cmr/m/n on input line 12.
LaTeX Font Info:    ... okay on input line 12.
LaTeX Font Info:    Trying to load font information for U+msa on input line 13.


(/usr/local/texlive/2021basic/texmf-dist/tex/latex/amsfonts/umsa.fd
File: umsa.fd 2013/01/14 v3.01 AMS symbols A
)
LaTeX Font Info:    Trying to load font information for U+msb on input line 13.


(/usr/local/texlive/2021basic/texmf-dist/tex/latex/amsfonts/umsb.fd
File: umsb.fd 2013/01/14 v3.01 AMS symbols B
)
LaTeX Font Info:    Trying to load font information for OMS+cmr on input line 2
8.

(/usr/local/texlive/2021basic/texmf-dist/tex/latex/base/omscmr.fd
File: omscmr.fd 2019/12/16 v2.5j Standard LaTeX font definitions
)
LaTeX Font Info:    Font shape `OMS/cmr/m/n' in size <10> not available
(Font)              Font shape `OMS/cmsy/m/n' tried instead on input line 28.
 [1

{/usr/local/texlive/2021basic/texmf-var/fonts/map/pdftex/updmap/pdftex.map}]

Package amsmath Warning: Foreign command \atopwithdelims;
(amsmath)                \frac or \genfrac should be used instead
(amsmath)                 on input line 74.

[2] [3] [4] [5] [6] [7] [8] [9] [10]

! LaTeX Error: Environment minted undefined.

See the LaTeX manual or LaTeX Companion for explanation.
Type  H <return>  for immediate help.
 ...                                              
                                                  
l.414 \begin{minted}
                    {python}
? 
! Missing $ inserted.
<inserted text> 
                $
l.418     def _
               _init__(self, n):
? 
! Missing { inserted.
<to be read again> 
                   _
l.418     def __
                init__(self, n):
? 
! Missing { inserted.
<to be read again> 
                   _
l.418     def __init__
                      (self, n):
? 
! You can't use `macro parameter character #' in math mode.
l.419         #
                no derangements for n < 2
? 
! Missing $ inserted.
<inserted text> 
                $
l.421 
      
? 
! Missing } inserted.
<inserted text> 
                }
l.421 
      
? 
! Missing } inserted.
<inserted text> 
                }
l.421 
      
? 
! You can't use `macro parameter character #' in vertical mode.
l.422         #
                build graph
? 
! Missing $ inserted.
<inserted text> 
                $
l.432                     self._
                                reverse_edge(element, j)
? 
! Missing $ inserted.
<inserted text> 
                $
l.433 
      
? 
! Missing $ inserted.
<inserted text> 
                $
l.434     def _
               reverse_edge(self, u, v):
? 
! Missing $ inserted.
<inserted text> 
                $
l.437 
      
? 
! Missing $ inserted.
<inserted text> 
                $
l.438     def _
               is_in_matching(self, element, idx):
? 
! Missing $ inserted.
<inserted text> 
                $
l.440 
      
? 
! Missing $ inserted.
<inserted text> 
                $
l.441     def _
               exist_path(self, u, v):
? 
! Missing $ inserted.
<inserted text> 
                $
l.444 
      
? 

Overfull \hbox (23.27856pt too wide) in paragraph at lines 449--457
[]\OT1/cmr/m/n/10 if node not in seen: seen.add(node) for adj in self.graph[nod
e]: path.append((node,
 []

! Missing $ inserted.
<inserted text> 
                $
l.462     def _
               attempt_remove(self, idx, element):
? 
! You can't use `macro parameter character #' in math mode.
l.463         #
                if edge is not in matching, simply remove
? 
! Missing $ inserted.
<inserted text> 
                $
l.468 
      
? 

Overfull \hbox (186.84132pt too wide) in paragraph at lines 462--468
[]\OT1/cmr/m/n/10 def $[]\OML/cmm/m/it/10 ttempt[]emove\OT1/cmr/m/n/10 (\OML/cm
m/m/it/10 self; idx; element\OT1/cmr/m/n/10 ) : \OML/cmm/m/it/10 ifedgeisnotinm
atching; simplyremoveifnotself:[]s[]n[]atching\OT1/cmr/m/n/10 (\OML/cmm/m/it/10
 element; idx\OT1/cmr/m/n/10 ) :
 []

! You can't use `macro parameter character #' in vertical mode.
l.469         #
                try to remove, and see if there is an alternating path
? 
! Missing $ inserted.
<inserted text> 
                $
l.471         found, path = self._
                                  exist_path(element, idx)
? 
! Missing $ inserted.
<inserted text> 
                $
l.475 
      
? 

Overfull \hbox (28.61177pt too wide) in paragraph at lines 469--475
[]\OT1/cmr/m/n/10 try to re-move, and see if there is an al-ter-nat-ing path se
lf.graph[idx].remove(element)
 []


Overfull \hbox (47.52287pt too wide) in paragraph at lines 469--475
\OT1/cmr/m/n/10 found, path = self.$[]\OML/cmm/m/it/10 xist[]ath\OT1/cmr/m/n/10
 (\OML/cmm/m/it/10 element; idx\OT1/cmr/m/n/10 )\OML/cmm/m/it/10 iffound \OT1/c
mr/m/n/10 : \OML/cmm/m/it/10 foru; vinpath \OT1/cmr/m/n/10 : \OML/cmm/m/it/10 s
elf:[]everse[]dge\OT1/cmr/m/n/10 (\OML/cmm/m/it/10 u; v\OT1/cmr/m/n/10 )$ 
 []

! You can't use `macro parameter character #' in vertical mode.
l.478         #
                no alternating path found, edge cannot be removed.
? 
! You can't use `macro parameter character #' in horizontal mode.
l.479         #
                add edge back into graph
? 
! You can't use `macro parameter character #' in horizontal mode.
l.484         #
                perform swap
? 

Overfull \hbox (25.38948pt too wide) in paragraph at lines 483--486
[]\OT1/cmr/m/n/10 def swap(self, i, j):  per-form swap self.elements[i], self.e
lements[j] = self.elements[j],
 []

[11]
! You can't use `macro parameter character #' in vertical mode.
l.487         #
                initialize return value
? 
! You can't use `macro parameter character #' in vertical mode.
l.490         #
                can we say elements[i] cannot be in position i
? 
! Missing $ inserted.
<inserted text> 
                $
l.491         removed = self._
                              attempt_remove(i, self.elements[i])
? 
! You can't use `macro parameter character #' in math mode.
l.493             #
                    if can't remove, add it to frozen
? 
! Missing $ inserted.
<inserted text> 
                $
l.495 
      
? 

Overfull \hbox (147.37646pt too wide) in paragraph at lines 490--495
[]\OT1/cmr/m/n/10 can we say el-e-ments[i] can-not be in po-si-tion i re-moved 
= self.$[]\OML/cmm/m/it/10 ttempt[]emove\OT1/cmr/m/n/10 (\OML/cmm/m/it/10 i; se
lf:elements\OT1/cmr/m/n/10 [\OML/cmm/m/it/10 i\OT1/cmr/m/n/10 ])\OML/cmm/m/it/1
0 ifnotremoved \OT1/cmr/m/n/10 :
 []

! You can't use `macro parameter character #' in vertical mode.
l.496         #
                repeat for j
? 
! Missing $ inserted.
<inserted text> 
                $
l.497         removed = self._
                              attempt_remove(j, self.elements[j])
? 
! Missing $ inserted.
<inserted text> 
                $
l.500 
      
? 

Overfull \hbox (6.70032pt too wide) in paragraph at lines 496--500
[]\OT1/cmr/m/n/10 repeat for j re-moved = self.$[]\OML/cmm/m/it/10 ttempt[]emov
e\OT1/cmr/m/n/10 (\OML/cmm/m/it/10 j; self:elements\OT1/cmr/m/n/10 [\OML/cmm/m/
it/10 j\OT1/cmr/m/n/10 ])\OML/cmm/m/it/10 ifnotremoved \OT1/cmr/m/n/10 :
 []

! Missing $ inserted.
<inserted text> 
                $
l.503     def original_
                       array(self):
? 
! Missing $ inserted.
<inserted text> 
                $
l.510 
      
? 

Overfull \hbox (22.64282pt too wide) in paragraph at lines 503--510
[]\OT1/cmr/m/n/10 def original$[]\OML/cmm/m/it/10 rray\OT1/cmr/m/n/10 (\OML/cmm
/m/it/10 self\OT1/cmr/m/n/10 ) : \OML/cmm/m/it/10 n \OT1/cmr/m/n/10 = \OML/cmm/
m/it/10 len\OT1/cmr/m/n/10 (\OML/cmm/m/it/10 self:elements\OT1/cmr/m/n/10 )\OML
/cmm/m/it/10 arr \OT1/cmr/m/n/10 = [\OML/cmm/m/it/10 None\OT1/cmr/m/n/10 ] \OMS
/cmsy/m/n/10 ^^C \OML/cmm/m/it/10 nforiinrange\OT1/cmr/m/n/10 (\OML/cmm/m/it/10
 n\OT1/cmr/m/n/10 ) :
 []


Overfull \hbox (124.05368pt too wide) in paragraph at lines 503--510
\OML/cmm/m/it/10 element \OT1/cmr/m/n/10 = \OML/cmm/m/it/10 next\OT1/cmr/m/n/10
 (\OML/cmm/m/it/10 iter\OT1/cmr/m/n/10 (\OML/cmm/m/it/10 self:graph\OT1/cmr/m/n
/10 [\OML/cmm/m/it/10 i\OT1/cmr/m/n/10 ]))\OML/cmm/m/it/10 element[]umber \OT1/
cmr/m/n/10 = \OML/cmm/m/it/10 int\OT1/cmr/m/n/10 (\OML/cmm/m/it/10 element:stri
p\OT1/cmr/m/n/10 ([]\OML/cmm/m/it/10 element[]\OT1/cmr/m/n/10 ))\OML/cmm/m/it/1
0 arr\OT1/cmr/m/n/10 [\OML/cmm/m/it/10 element[]umber\OT1/cmr/m/n/10 ] =
 []


! LaTeX Error: \begin{document} ended by \end{minted}.

See the LaTeX manual or LaTeX Companion for explanation.
Type  H <return>  for immediate help.
 ...                                              
                                                  
l.512 \end{minted}
                  
? 

! LaTeX Error: Environment minted undefined.

See the LaTeX manual or LaTeX Companion for explanation.
Type  H <return>  for immediate help.
 ...                                              
                                                  
l.515 \begin{minted}
                    {python}
? 
! Missing $ inserted.
<inserted text> 
                $
l.531     print(A.original_
                           array())
? 

! LaTeX Error: \begin{document} ended by \end{minted}.

See the LaTeX manual or LaTeX Companion for explanation.
Type  H <return>  for immediate help.
 ...                                              
                                                  
l.533 \end{minted}
                  
? 
! Missing $ inserted.
<inserted text> 
                $
l.533 \end{minted}
                  
? 
[12] (./report.aux) ) 
Here is how much of TeX's memory you used:
 1658 strings out of 480445
 21538 string characters out of 5892391
 317707 words of memory out of 5000000
 18958 multiletter control sequences out of 15000+600000
 411499 words of font info for 59 fonts, out of 8000000 for 9000
 319 hyphenation exceptions out of 8191
 67i,10n,74p,222b,213s stack positions out of 5000i,500n,10000p,200000b,80000s
</usr/local/texlive/2021basic/texmf-dist/fonts/type1/publi
c/amsfonts/cm/cmbx12.pfb></usr/local/texlive/2021basic/texmf-dist/fonts/type1/p
ublic/amsfonts/cm/cmex10.pfb></usr/local/texlive/2021basic/texmf-dist/fonts/typ
e1/public/amsfonts/cm/cmmi10.pfb></usr/local/texlive/2021basic/texmf-dist/fonts
/type1/public/amsfonts/cm/cmmi12.pfb></usr/local/texlive/2021basic/texmf-dist/f
onts/type1/public/amsfonts/cm/cmmi5.pfb></usr/local/texlive/2021basic/texmf-dis
t/fonts/type1/public/amsfonts/cm/cmmi7.pfb></usr/local/texlive/2021basic/texmf-
dist/fonts/type1/public/amsfonts/cm/cmr10.pfb></usr/local/texlive/2021basic/tex
mf-dist/fonts/type1/public/amsfonts/cm/cmr12.pfb></usr/local/texlive/2021basic/
texmf-dist/fonts/type1/public/amsfonts/cm/cmr17.pfb></usr/local/texlive/2021bas
ic/texmf-dist/fonts/type1/public/amsfonts/cm/cmr5.pfb></usr/local/texlive/2021b
asic/texmf-dist/fonts/type1/public/amsfonts/cm/cmr7.pfb></usr/local/texlive/202
1basic/texmf-dist/fonts/type1/public/amsfonts/cm/cmr8.pfb></usr/local/texlive/2
021basic/texmf-dist/fonts/type1/public/amsfonts/cm/cmsy10.pfb></usr/local/texli
ve/2021basic/texmf-dist/fonts/type1/public/amsfonts/cm/cmsy7.pfb></usr/local/te
xlive/2021basic/texmf-dist/fonts/type1/public/amsfonts/cm/cmti10.pfb></usr/loca
l/texlive/2021basic/texmf-dist/fonts/type1/public/amsfonts/cm/cmtt10.pfb>
Output written on report.pdf (12 pages, 207972 bytes).
PDF statistics:
 107 PDF objects out of 1000 (max. 8388607)
 76 compressed objects within 1 object stream
 0 named destinations out of 1000 (max. 500000)
 1 words of extra memory for PDF output out of 10000 (max. 10000000)

